frontend/build/app/outputs/mapping/release/seeds.txt
com.example.telecaller_app.MainActivity
com.example.telecaller_app.CallTrackingReceiver
com.example.telecaller_app.CallTrackingReceiver: CallTrackingReceiver()
com.example.telecaller_app.MainActivity: MainActivity()
...
androidx.core.widget.EdgeEffectCompat$Api21Impl: void onPull(android.widget.EdgeEffect,float,float)
io.flutter.embedding.engine.FlutterJNI: void invokePlatformMessageEmptyResponseCallback(int)
io.flutter.embedding.engine.renderer.FlutterRenderer$ImageReaderSurfaceProducer: boolean handlesCropAndRotation()
androidx.core.view.WindowInsetsCompat$Impl20: boolean equals(java.lang.Object)
androidx.recyclerview.widget.RecyclerView: androidx.recyclerview.widget.RecyclerView$RecycledViewPool getRecycledViewPool()
io.flutter.plugin.editing.ImeSyncDeferringInsetsCallback: void install()
io.flutter.embedding.engine.FlutterJNI: void addIsDisplayingFlutterUiListener(io.flutter.embedding.engine.renderer.FlutterUiDisplayListener)
androidx.core.view.WindowInsetsCompat$Impl20: androidx.core.graphics.Insets getSystemWindowInsets()
androidx.browser.browseractions.BrowserActionsFallbackMenuView: BrowserActionsFallbackMenuView(android.content.Context,android.util.AttributeSet)
androidx.appcompat.widget.LinearLayoutCompat: void setWeightSum(float)
androidx.appcompat.widget.ActionBarContextView: java.lang.CharSequence getSubtitle()
androidx.vectordrawable.graphics.drawable.VectorDrawableCompat$VFullPath: float getTrimPathStart()
io.flutter.embedding.engine.FlutterJNI: void nativePrefetchDefaultFontManager()
io.flutter.embedding.engine.renderer.FlutterRenderer$ImageReaderSurfaceProducer: int numImageReaders()
io.flutter.embedding.engine.FlutterJNI: void notifyLowMemoryWarning()
androidx.appcompat.widget.Toolbar: androidx.appcompat.widget.ActionMenuPresenter getOuterActionMenuPresenter()
androidx.preference.ListPreference: ListPreference(android.content.Context,android.util.AttributeSet)
androidx.recyclerview.widget.RecyclerView: long getNanoTime()
androidx.appcompat.widget.Toolbar: int getContentInsetStartWithNavigation()
androidx.core.view.ViewConfigurationCompat$Api26Impl: float getScaledVerticalScrollFactor(android.view.ViewConfiguration)
io.flutter.view.TextureRegistry$ImageConsumer: android.media.Image acquireLatestImage()
androidx.appcompat.widget.SearchView: void setQueryRefinementEnabled(boolean)
androidx.appcompat.widget.ViewStubCompat: void setLayoutInflater(android.view.LayoutInflater)
io.flutter.view.AccessibilityViewEmbedder: boolean onAccessibilityHoverEvent(int,android.view.MotionEvent)
androidx.lifecycle.EmptyActivityLifecycleCallbacks: void onActivityResumed(android.app.Activity)
io.flutter.embedding.engine.FlutterJNI: void nativeDestroy(long)
androidx.core.view.MenuItemCompat$Api26Impl: java.lang.CharSequence getContentDescription(android.view.MenuItem)
io.flutter.embedding.engine.renderer.FlutterRenderer$ImageTextureRegistryEntry: long id()
androidx.appcompat.widget.SwitchCompat: java.lang.CharSequence getTextOn()
androidx.appcompat.widget.AlertDialogLayout: AlertDialogLayout(android.content.Context,android.util.AttributeSet)
io.flutter.embedding.android.FlutterView: android.view.accessibility.AccessibilityNodeProvider getAccessibilityNodeProvider()
androidx.core.app.AppOpsManagerCompat$Api23Impl: java.lang.Object getSystemService(android.content.Context,java.lang.Class)
androidx.core.view.ViewCompat$Api21Impl: android.graphics.PorterDuff$Mode getBackgroundTintMode(android.view.View)
androidx.appcompat.widget.AppCompatAutoCompleteTextView: android.content.res.ColorStateList getSupportBackgroundTintList()
androidx.appcompat.widget.SwitchCompat: int getSwitchPadding()
androidx.core.graphics.drawable.IconCompat$Api28Impl: int getResId(java.lang.Object)
androidx.appcompat.widget.Toolbar: android.graphics.drawable.Drawable getCollapseIcon()
androidx.core.view.WindowInsetsCompat$Impl28: androidx.core.view.DisplayCutoutCompat getDisplayCutout()
androidx.core.view.ViewCompat$Api29Impl: void saveAttributeDataForStyleable(android.view.View,android.content.Context,int[],android.util.AttributeSet,android.content.res.TypedArray,int,int)
androidx.preference.internal.PreferenceImageView: int getMaxHeight()