frontend/build/app/outputs/mapping/release/mapping.txt
# compiler: R8
# compiler_version: 8.7.14
# min_api: 21
# common_typos_disable
# {"id":"com.android.tools.r8.mapping","version":"2.2"}
# pg_map_id: 58c2e6d
# pg_map_hash: SHA-256 58c2e6da3f61bf4680b1ca84c35c723cdd9292667767604fa72e9e36b7be4d10
com.example.telecaller_app.CallTrackingReceiver -> com.example.telecaller_app.CallTrackingReceiver:
# {"id":"sourceFile","fileName":"CallTrackingReceiver.kt"}
    io.flutter.embedding.engine.FlutterEngine flutterEngine -> a
      # {"id":"com.android.tools.r8.residualsignature","signature":"Lj0/c;"}
    java.lang.String lastPhoneNumber -> b
    long callAnswerTime -> c
    int previousState -> d
    1:4:void <init>():11:11 -> <init>
    1:8:void sendToFlutter(java.lang.String,java.util.Map):99:99 -> a
    9:10:void sendToFlutter(java.lang.String,java.util.Map):101:101 -> a
    11:12:io.flutter.embedding.engine.dart.DartExecutor io.flutter.embedding.engine.FlutterEngine.getDartExecutor():512:512 -> a
    11:12:void sendToFlutter(java.lang.String,java.util.Map):101 -> a
    13:16:io.flutter.plugin.common.BinaryMessenger io.flutter.embedding.engine.dart.DartExecutor.getBinaryMessenger():189:189 -> a
    13:16:void sendToFlutter(java.lang.String,java.util.Map):101 -> a
      # {"id":"com.android.tools.r8.rewriteFrame","conditions":["throws(Ljava/lang/NullPointerException;)"],"actions":["removeInnerFrames(1)"]}
    17:22:void sendToFlutter(java.lang.String,java.util.Map):101:101 -> a
    23:25:void io.flutter.plugin.common.MethodChannel.invokeMethod(java.lang.String,java.lang.Object):102:102 -> a
    23:25:void sendToFlutter(java.lang.String,java.util.Map):102 -> a
    26:50:void sendToFlutter(java.lang.String,java.util.Map):103:103 -> a
com.example.telecaller_app.CallTrackingReceiver$Companion -> R8$$REMOVED$$CLASS$$98:
# {"id":"sourceFile","fileName":"CallTrackingReceiver.kt"}
com.example.telecaller_app.MainActivity -> com.example.telecaller_app.MainActivity:
# {"id":"sourceFile","fileName":"MainActivity.kt"}
    java.lang.String METHOD_CHANNEL -> j
    int CALL_PHONE_PERMISSION_REQUEST_CODE -> k
    int PERMISSIONS_REQUEST -> l
    com.example.telecaller_app.PhoneCallService phoneCallService -> m
      # {"id":"com.android.tools.r8.residualsignature","signature":"Lf0/b;"}
    java.lang.String pendingPhoneNumber -> n
    java.lang.String PHONE_STATE_PERMISSION -> o
    java.lang.String CALL_LOG_PERMISSION -> p
    int $r8$clinit -> q
      # {"id":"com.android.tools.r8.synthesized"}
    1:3:void <init>():12:12 -> <init>
    4:9:void <init>():14:14 -> <init>
    10:13:void <init>():15:15 -> <init>
    14:15:void <init>():16:16 -> <init>
    16:19:void <init>():21:21 -> <init>
    20:24:void <init>():22:22 -> <init>
    1:4:void makePhoneCall(java.lang.String):84:84 -> l
    5:13:void com.example.telecaller_app.PhoneCallService.makeCall(java.lang.String):0:0 -> l
    5:13:void makePhoneCall(java.lang.String):84 -> l
    14:25:void configureFlutterEngine(io.flutter.embedding.engine.FlutterEngine):28:28 -> l
    14:25:void com.example.telecaller_app.PhoneCallService.makeCall(java.lang.String):28 -> l
    14:25:void makePhoneCall(java.lang.String):84 -> l
    26:31:void configureFlutterEngine(io.flutter.embedding.engine.FlutterEngine):29:29 -> l
    26:31:void com.example.telecaller_app.PhoneCallService.makeCall(java.lang.String):29 -> l
com.example.telecaller_app.PhoneCallService -> f0.b:
# {"id":"sourceFile","fileName":"PhoneCallService.kt"}
    android.content.Context context -> a
      # {"id":"com.android.tools.r8.residualsignature","signature":"Lcom/example/telecaller_app/MainActivity;"}
    long callStartTime -> b
    java.lang.String currentPhoneNumber -> c
    6:11:void <init>(android.content.Context):14:14 -> <init>
      # {"id":"com.android.tools.r8.residualsignature","signature":"(Lcom/example/telecaller_app/MainActivity;)V"}
    1:15:void registerCallStateListener():58:58 -> a
    16:26:void registerCallStateListener():60:60 -> a
...
kotlin.ranges.IntRange -> N0.c:
# {"id":"sourceFile","fileName":"PrimitiveRanges.kt"}
    kotlin.ranges.IntRange EMPTY -> h
      # {"id":"com.android.tools.r8.residualsignature","signature":"LN0/c;"}
    1:4:void <clinit>():84:84 -> <clinit>
    5:7:void <init>(int,int):52:52 -> <clinit>
    5:7:void <clinit>():84 -> <clinit>
    8:10:void <clinit>():84:84 -> <clinit>
    1:19:boolean equals(java.lang.Object):74:74 -> equals
    20:21:boolean equals(java.lang.Object):75:75 -> equals
    22:23:int kotlin.ranges.IntProgression.getFirst():92:92 -> equals
    22:23:boolean equals(java.lang.Object):75 -> equals
      # {"id":"com.android.tools.r8.rewriteFrame","conditions":["throws(Ljava/lang/NullPointerException;)"],"actions":["removeInnerFrames(1)"]}
    24:27:boolean equals(java.lang.Object):75:75 -> equals
    28:29:int kotlin.ranges.IntProgression.getLast():97:97 -> equals
    28:29:boolean equals(java.lang.Object):75 -> equals
      # {"id":"com.android.tools.r8.rewriteFrame","conditions":["throws(Ljava/lang/NullPointerException;)"],"actions":["removeInnerFrames(1)"]}
    30:37:boolean equals(java.lang.Object):75:75 -> equals
    1:16:int hashCode():78:78 -> hashCode
    1:10:boolean isEmpty():71:71 -> isEmpty
    1:25:java.lang.String toString():80:80 -> toString
kotlin.ranges.IntRange$Companion -> R8$$REMOVED$$CLASS$$151:
# {"id":"sourceFile","fileName":"PrimitiveRanges.kt"}
kotlin.ranges.RangesKt___RangesKt -> R8$$REMOVED$$CLASS$$152:
# {"id":"sourceFile","fileName":"_Ranges.kt"}
kotlin.reflect.KCallable -> O0.a:
# {"id":"sourceFile","fileName":"KCallable.kt"}
kotlin.reflect.KClass -> O0.b:
# {"id":"sourceFile","fileName":"KClass.kt"}
kotlin.reflect.KClasses -> R8$$REMOVED$$CLASS$$153:
# {"id":"sourceFile","fileName":"KClasses.kt"}
kotlin.reflect.KProperty -> O0.c:
# {"id":"sourceFile","fileName":"KProperty.kt"}
kotlin.sequences.ConstrainedOnceSequence -> P0.a:
# {"id":"sourceFile","fileName":"SequencesJVM.kt"}
    java.util.concurrent.atomic.AtomicReference sequenceRef -> a
    1:3:void <init>(kotlin.sequences.Sequence):19:19 -> <init>
      # {"id":"com.android.tools.r8.residualsignature","signature":"(LP0/e;)V"}
    4:11:void <init>(kotlin.sequences.Sequence):20:20 -> <init>
    1:11:java.util.Iterator iterator():23:23 -> iterator
    12:16:java.util.Iterator iterator():24:24 -> iterator
    17:24:java.util.Iterator iterator():23:23 -> iterator
kotlin.sequences.Sequence -> P0.b:
# {"id":"sourceFile","fileName":"Sequence.kt"}
    java.util.Iterator iterator() -> iterator
kotlin.sequences.SequencesKt -> P0.c:
    1:4:java.util.List kotlin.sequences.SequencesKt___SequencesKt.toList(kotlin.sequences.Sequence):808:808 -> O
      # {"id":"com.android.tools.r8.residualsignature","signature":"(LP0/b;)Ljava/util/List;"}
    5:10:java.util.List kotlin.sequences.SequencesKt___SequencesKt.toList(kotlin.sequences.Sequence):809:809 -> O
    11:13:java.util.List kotlin.sequences.SequencesKt___SequencesKt.toList(kotlin.sequences.Sequence):810:810 -> O
    14:17:java.util.List kotlin.sequences.SequencesKt___SequencesKt.toList(kotlin.sequences.Sequence):811:811 -> O
    18:23:java.util.List kotlin.sequences.SequencesKt___SequencesKt.toList(kotlin.sequences.Sequence):812:812 -> O
    24:28:java.util.List kotlin.sequences.SequencesKt___SequencesKt.toList(kotlin.sequences.Sequence):813:813 -> O
    29:33:java.util.List kotlin.sequences.SequencesKt___SequencesKt.toList(kotlin.sequences.Sequence):814:814 -> O
    34:36:java.util.List kotlin.sequences.SequencesKt___SequencesKt.toList(kotlin.sequences.Sequence):815:815 -> O
    37:51:java.util.List kotlin.sequences.SequencesKt___SequencesKt.toList(kotlin.sequences.Sequence):816:816 -> O
kotlin.sequences.SequencesKt__SequencesJVMKt -> P0.d:
# {"id":"sourceFile","fileName":"SequencesJVM.kt"}