frontend/build/app/outputs/mapping/release/usage.txt
com.example.telecaller_app.CallTrackingReceiver:
    private static final java.lang.String TAG
com.example.telecaller_app.PhoneCallService:
    public final void setEventSink(kotlin.jvm.functions.Function1)
com.example.telecaller_app.R$drawable
com.example.telecaller_app.R$mipmap
com.example.telecaller_app.R$style
com.example.telecaller_app.R$xml
com.example.telecaller_app.R
com.example.telecaller_app.CallTrackingReceiver$Companion
com.example.telecaller_app.CallTrackingReceiver:
    public static final com.example.telecaller_app.CallTrackingReceiver$Companion Companion
    static void <clinit>()
    public static void handleOutgoingCall()
    public static void handlePhoneState()
com.example.telecaller_app.MainActivity:
    public final void configureFlutterEngine()
    public static void ensurePermissions()
com.example.telecaller_app.PhoneCallService:
    public kotlin.jvm.functions.Function1 eventSink
    public static final synthetic kotlin.jvm.functions.Function1 access$getEventSink$p()
    public static void getCallDurationFromCallLog()
    public static void makeCall()
...
kotlinx.coroutines.internal.ThreadLocalKt:
    public static synthetic void CommonThreadLocal$annotations()
kotlinx.coroutines.internal.ThreadSafeHeap:
    public final void addImpl(kotlinx.coroutines.internal.ThreadSafeHeapNode)
    public final void addLast(kotlinx.coroutines.internal.ThreadSafeHeapNode)
    public final boolean addLastIf(kotlinx.coroutines.internal.ThreadSafeHeapNode,kotlin.jvm.functions.Function1)
    public final void clear()
    public final kotlinx.coroutines.internal.ThreadSafeHeapNode find(kotlin.jvm.functions.Function1)
    private final kotlinx.coroutines.internal.ThreadSafeHeapNode[] realloc()
    public final boolean remove(kotlinx.coroutines.internal.ThreadSafeHeapNode)
    public final kotlinx.coroutines.internal.ThreadSafeHeapNode removeFirstIf(kotlin.jvm.functions.Function1)
kotlinx.coroutines.internal.ThreadSafeHeapNode:
    public abstract int getIndex()
kotlinx.coroutines.intrinsics.CancellableKt:
    private static final void runSafely(kotlin.coroutines.Continuation,kotlin.jvm.functions.Function0)
    public static final void startCoroutineCancellable(kotlin.jvm.functions.Function1,kotlin.coroutines.Continuation)
kotlinx.coroutines.intrinsics.UndispatchedKt:
    public static final void startCoroutineUndispatched(kotlin.jvm.functions.Function1,kotlin.coroutines.Continuation)
    public static final void startCoroutineUnintercepted(kotlin.jvm.functions.Function1,kotlin.coroutines.Continuation)
    private static final void startDirect(kotlin.coroutines.Continuation,kotlin.jvm.functions.Function1)
    public static final java.lang.Object startUndispatchedOrReturnIgnoreTimeout(kotlinx.coroutines.internal.ScopeCoroutine,java.lang.Object,kotlin.jvm.functions.Function2)
    private static final java.lang.Object undispatchedResult(kotlinx.coroutines.internal.ScopeCoroutine,kotlin.jvm.functions.Function1,kotlin.jvm.functions.Function0)
kotlinx.coroutines.scheduling.CoroutineScheduler$Worker:
    private final kotlinx.coroutines.scheduling.Task findCpuTask()
    public final kotlinx.coroutines.scheduling.CoroutineScheduler getScheduler()
    public final int getWorkerCtl()
    public final boolean isIo()
    public final long runSingleTask()
kotlinx.coroutines.scheduling.CoroutineScheduler:
    private static final long BLOCKING_MASK
    private static final int BLOCKING_SHIFT
    private static final int CLAIMED
    private static final long CPU_PERMITS_MASK
    private static final int CPU_PERMITS_SHIFT
    private static final long CREATED_MASK
    public static final int MAX_SUPPORTED_POOL_SIZE
    public static final int MIN_SUPPORTED_POOL_SIZE
    private static final int PARKED
    private static final long PARKED_INDEX_MASK
    private static final long PARKED_VERSION_INC
    private static final long PARKED_VERSION_MASK
    private static final int TERMINATED
    public synthetic void <init>(int,int,long,java.lang.String,int,kotlin.jvm.internal.DefaultConstructorMarker)
    public final int availableCpuPermits(long)
    private final int blockingTasks(long)
    private final int createdWorkers(long)
    private final void decrementBlockingTasks()
    private final int decrementCreatedWorkers()
    private final int getAvailableCpuPermits()
    private final int getCreatedWorkers()
    private final long incrementBlockingTasks()
    private final int incrementCreatedWorkers()
    private final void loop$atomicfu(java.util.concurrent.atomic.AtomicLongFieldUpdater,kotlin.jvm.functions.Function1,java.lang.Object)
    private final long releaseCpuPermit()
    private final boolean tryAcquireCpuPermit()
kotlinx.coroutines.scheduling.CoroutineSchedulerKt
kotlinx.coroutines.scheduling.DefaultIoScheduler:
    public void dispatchYield(kotlin.coroutines.CoroutineContext,java.lang.Runnable)
    public java.util.concurrent.Executor getExecutor()
    public kotlinx.coroutines.CoroutineDispatcher limitedParallelism(int)